2020-07-22 14:12:20,622 ERROR    root            (gcloud) Command name argument expected.
2020-07-22 14:12:20,623 DEBUG    root            No implementation for release track [GA] for element: [/snap/google-cloud-sdk/142/lib/surface/cloud_shell]
2020-07-22 14:12:20,640 DEBUG    root            Loaded Command Group: ['gcloud', 'container']
2020-07-22 14:12:20,644 DEBUG    root            Loaded Command Group: ['gcloud', 'app']
2020-07-22 14:12:20,648 DEBUG    root            Loaded Command Group: ['gcloud', 'filestore']
2020-07-22 14:12:20,651 DEBUG    root            Loaded Command Group: ['gcloud', 'recommender']
2020-07-22 14:12:20,682 DEBUG    root            Loaded Command Group: ['gcloud', 'ai_platform']
2020-07-22 14:12:20,685 DEBUG    root            Loaded Command Group: ['gcloud', 'auth']
2020-07-22 14:12:20,694 DEBUG    root            Loaded Command Group: ['gcloud', 'docker']
2020-07-22 14:12:20,696 DEBUG    root            No implementation for release track [GA] for element: [/snap/google-cloud-sdk/142/lib/surface/dialogflow]
2020-07-22 14:12:20,698 DEBUG    root            No implementation for release track [GA] for element: [/snap/google-cloud-sdk/142/lib/surface/genomics]
2020-07-22 14:12:20,699 DEBUG    root            Loaded Command Group: ['gcloud', 'iam']
2020-07-22 14:12:20,702 DEBUG    root            No implementation for release track [GA] for element: [/snap/google-cloud-sdk/142/lib/surface/artifacts]
2020-07-22 14:12:20,703 DEBUG    root            No implementation for release track [GA] for element: [/snap/google-cloud-sdk/142/lib/surface/resources]
2020-07-22 14:12:20,747 DEBUG    root            Loaded Command Group: ['gcloud', 'compute']
2020-07-22 14:12:20,755 DEBUG    root            No implementation for release track [GA] for element: [/snap/google-cloud-sdk/142/lib/surface/billing]
2020-07-22 14:12:20,758 DEBUG    root            No implementation for release track [GA] for element: [/snap/google-cloud-sdk/142/lib/surface/code]
2020-07-22 14:12:20,759 DEBUG    root            Loaded Command Group: ['gcloud', 'components']
2020-07-22 14:12:20,761 DEBUG    root            No implementation for release track [GA] for element: [/snap/google-cloud-sdk/142/lib/surface/certificate_manager]
2020-07-22 14:12:20,771 DEBUG    root            Loaded Command Group: ['gcloud', 'info']
2020-07-22 14:12:20,773 DEBUG    root            No implementation for release track [GA] for element: [/snap/google-cloud-sdk/142/lib/surface/privateca]
2020-07-22 14:12:20,774 DEBUG    root            Loaded Command Group: ['gcloud', 'access_context_manager']
2020-07-22 14:12:20,776 DEBUG    root            Loaded Command Group: ['gcloud', 'data_catalog']
2020-07-22 14:12:20,779 DEBUG    root            Loaded Command Group: ['gcloud', 'version']
2020-07-22 14:12:20,781 DEBUG    root            No implementation for release track [GA] for element: [/snap/google-cloud-sdk/142/lib/surface/lifesciences]
2020-07-22 14:12:20,782 DEBUG    root            No implementation for release track [GA] for element: [/snap/google-cloud-sdk/142/lib/surface/error_reporting]
2020-07-22 14:12:20,783 DEBUG    root            No implementation for release track [GA] for element: [/snap/google-cloud-sdk/142/lib/surface/labelmanager]
2020-07-22 14:12:20,783 DEBUG    root            Loaded Command Group: ['gcloud', 'ml_engine']
2020-07-22 14:12:20,785 DEBUG    root            No implementation for release track [GA] for element: [/snap/google-cloud-sdk/142/lib/surface/notebooks]
2020-07-22 14:12:20,786 DEBUG    root            No implementation for release track [GA] for element: [/snap/google-cloud-sdk/142/lib/surface/resource_settings]
2020-07-22 14:12:20,812 DEBUG    root            Loaded Command Group: ['gcloud', 'run']
2020-07-22 14:12:20,817 DEBUG    root            Loaded Command Group: ['gcloud', 'iap']
2020-07-22 14:12:20,820 DEBUG    root            Loaded Command Group: ['gcloud', 'firestore']
2020-07-22 14:12:20,822 DEBUG    root            Loaded Command Group: ['gcloud', 'firebase']
2020-07-22 14:12:20,831 DEBUG    root            No implementation for release track [GA] for element: [/snap/google-cloud-sdk/142/lib/surface/search_help]
2020-07-22 14:12:20,834 DEBUG    root            Loaded Command Group: ['gcloud', 'debug']
2020-07-22 14:12:20,836 DEBUG    root            No implementation for release track [GA] for element: [/snap/google-cloud-sdk/142/lib/surface/scc]
2020-07-22 14:12:20,837 DEBUG    root            No implementation for release track [GA] for element: [/snap/google-cloud-sdk/142/lib/surface/runtime_config]
2020-07-22 14:12:20,843 DEBUG    root            Loaded Command Group: ['gcloud', 'projects']
2020-07-22 14:12:20,846 DEBUG    root            No implementation for release track [GA] for element: [/snap/google-cloud-sdk/142/lib/surface/identity]
2020-07-22 14:12:20,848 DEBUG    root            No implementation for release track [GA] for element: [/snap/google-cloud-sdk/142/lib/surface/game]
2020-07-22 14:12:20,849 DEBUG    root            Loaded Command Group: ['gcloud', 'ml']
2020-07-22 14:12:20,851 DEBUG    root            Loaded Command Group: ['gcloud', 'topic']
2020-07-22 14:12:20,853 DEBUG    root            Loaded Command Group: ['gcloud', 'organizations']
2020-07-22 14:12:20,856 DEBUG    root            No implementation for release track [GA] for element: [/snap/google-cloud-sdk/142/lib/surface/bq]
2020-07-22 14:12:20,857 DEBUG    root            No implementation for release track [GA] for element: [/snap/google-cloud-sdk/142/lib/surface/network_security]
2020-07-22 14:12:20,858 DEBUG    root            No implementation for release track [GA] for element: [/snap/google-cloud-sdk/142/lib/surface/apigee]
2020-07-22 14:12:20,859 DEBUG    root            Loaded Command Group: ['gcloud', 'meta']
2020-07-22 14:12:20,861 DEBUG    root            Loaded Command Group: ['gcloud', 'asset']
2020-07-22 14:12:20,864 DEBUG    root            Loaded Command Group: ['gcloud', 'functions']
2020-07-22 14:12:20,867 DEBUG    root            Loaded Command Group: ['gcloud', 'sql']
2020-07-22 14:12:20,869 DEBUG    root            No implementation for release track [GA] for element: [/snap/google-cloud-sdk/142/lib/surface/commerce_procurement]
2020-07-22 14:12:20,870 DEBUG    root            No implementation for release track [GA] for element: [/snap/google-cloud-sdk/142/lib/surface/access_approval]
2020-07-22 14:12:20,871 DEBUG    root            Loaded Command Group: ['gcloud', 'dataproc']
2020-07-22 14:12:20,873 DEBUG    root            No implementation for release track [GA] for element: [/snap/google-cloud-sdk/142/lib/surface/workflows]
2020-07-22 14:12:20,874 DEBUG    root            Loaded Command Group: ['gcloud', 'kms']
2020-07-22 14:12:20,877 DEBUG    root            Loaded Command Group: ['gcloud', 'bigtable']
2020-07-22 14:12:20,879 DEBUG    root            Loaded Command Group: ['gcloud', 'dataflow']
2020-07-22 14:12:20,881 DEBUG    root            Loaded Command Group: ['gcloud', 'spanner']
2020-07-22 14:12:20,883 DEBUG    root            No implementation for release track [GA] for element: [/snap/google-cloud-sdk/142/lib/surface/data_fusion]
2020-07-22 14:12:20,884 DEBUG    root            Loaded Command Group: ['gcloud', 'pubsub']
2020-07-22 14:12:20,886 DEBUG    root            Loaded Command Group: ['gcloud', 'network_management']
2020-07-22 14:12:21,004 DEBUG    root            No implementation for release track [GA] for element: [/snap/google-cloud-sdk/142/lib/surface/interactive]
2020-07-22 14:12:21,006 DEBUG    root            No implementation for release track [GA] for element: [/snap/google-cloud-sdk/142/lib/surface/vmware]
2020-07-22 14:12:21,007 DEBUG    root            Loaded Command Group: ['gcloud', 'domains']
2020-07-22 14:12:21,009 DEBUG    root            Loaded Command Group: ['gcloud', 'composer']
2020-07-22 14:12:21,012 DEBUG    root            No implementation for release track [GA] for element: [/snap/google-cloud-sdk/142/lib/surface/api_gateway]
2020-07-22 14:12:21,013 DEBUG    root            No implementation for release track [GA] for element: [/snap/google-cloud-sdk/142/lib/surface/remote_build_execution]
2020-07-22 14:12:21,014 DEBUG    root            Loaded Command Group: ['gcloud', 'services']
2020-07-22 14:12:21,016 DEBUG    root            Loaded Command Group: ['gcloud', 'redis']
2020-07-22 14:12:21,023 DEBUG    root            Loaded Command Group: ['gcloud', 'init']
2020-07-22 14:12:21,025 DEBUG    root            No implementation for release track [GA] for element: [/snap/google-cloud-sdk/142/lib/surface/org_policies]
2020-07-22 14:12:21,026 DEBUG    root            No implementation for release track [GA] for element: [/snap/google-cloud-sdk/142/lib/surface/recaptcha]
2020-07-22 14:12:21,027 DEBUG    root            No implementation for release track [GA] for element: [/snap/google-cloud-sdk/142/lib/surface/storage]
2020-07-22 14:12:21,028 DEBUG    root            No implementation for release track [GA] for element: [/snap/google-cloud-sdk/142/lib/surface/web_security_scanner]
2020-07-22 14:12:21,031 DEBUG    root            No implementation for release track [GA] for element: [/snap/google-cloud-sdk/142/lib/surface/events]
2020-07-22 14:12:21,033 DEBUG    root            Loaded Command Group: ['gcloud', 'config']
2020-07-22 14:12:21,035 DEBUG    root            No implementation for release track [GA] for element: [/snap/google-cloud-sdk/142/lib/surface/emulators]
2020-07-22 14:12:21,043 DEBUG    root            Loaded Command Group: ['gcloud', 'survey']
2020-07-22 14:12:21,045 DEBUG    root            Loaded Command Group: ['gcloud', 'policy_troubleshoot']
2020-07-22 14:12:21,048 DEBUG    root            Loaded Command Group: ['gcloud', 'healthcare']
2020-07-22 14:12:21,050 DEBUG    root            Loaded Command Group: ['gcloud', 'secrets']
2020-07-22 14:12:21,053 DEBUG    root            Loaded Command Group: ['gcloud', 'logging']
2020-07-22 14:12:21,055 DEBUG    root            No implementation for release track [GA] for element: [/snap/google-cloud-sdk/142/lib/surface/memcache]
2020-07-22 14:12:21,056 DEBUG    root            Loaded Command Group: ['gcloud', 'datastore']
2020-07-22 14:12:21,058 DEBUG    root            Loaded Command Group: ['gcloud', 'endpoints']
2020-07-22 14:12:21,062 DEBUG    root            Loaded Command Group: ['gcloud', 'cheat_sheet']
2020-07-22 14:12:21,064 DEBUG    root            No implementation for release track [GA] for element: [/snap/google-cloud-sdk/142/lib/surface/network_services]
2020-07-22 14:12:21,065 DEBUG    root            Loaded Command Group: ['gcloud', 'resource_manager']
2020-07-22 14:12:21,068 DEBUG    root            Loaded Command Group: ['gcloud', 'help']
2020-07-22 14:12:21,071 DEBUG    root            Loaded Command Group: ['gcloud', 'scheduler']
2020-07-22 14:12:21,073 DEBUG    root            Loaded Command Group: ['gcloud', 'anthos']
2020-07-22 14:12:21,075 DEBUG    root            Loaded Command Group: ['gcloud', 'deployment_manager']
2020-07-22 14:12:21,077 DEBUG    root            Loaded Command Group: ['gcloud', 'dns']
2020-07-22 14:12:21,079 DEBUG    root            No implementation for release track [GA] for element: [/snap/google-cloud-sdk/142/lib/surface/service_directory]
2020-07-22 14:12:21,080 DEBUG    root            Loaded Command Group: ['gcloud', 'tasks']
2020-07-22 14:12:21,083 DEBUG    root            Loaded Command Group: ['gcloud', 'iot']
2020-07-22 14:12:21,085 DEBUG    root            Loaded Command Group: ['gcloud', 'active_directory']
2020-07-22 14:12:21,088 DEBUG    root            No implementation for release track [GA] for element: [/snap/google-cloud-sdk/142/lib/surface/dlp]
2020-07-22 14:12:21,089 DEBUG    root            Loaded Command Group: ['gcloud', 'source']
2020-07-22 14:12:21,091 DEBUG    root            No implementation for release track [GA] for element: [/snap/google-cloud-sdk/142/lib/surface/trace]
2020-07-22 14:12:21,094 DEBUG    root            Loaded Command Group: ['gcloud', 'builds']
2020-07-22 14:12:21,096 DEBUG    root            Loaded Command Group: ['gcloud', 'monitoring']
2020-07-22 14:12:21,102 DEBUG    root            Loaded Command Group: ['gcloud', 'feedback']
