Looking for git in: git
Using git 2.25.1 from git
> git rev-parse --show-toplevel
> git rev-parse --git-dir
> git config --get commit.template
Open repository: /home/shushang/project-chtholly-qt
> git status -z -u
> git symbolic-ref --short HEAD
> git rev-parse dev
> git rev-parse --symbolic-full-name dev@{u}
> git rev-list --left-right dev...refs/remotes/origin/dev
> git for-each-ref --format %(refname) %(objectname) --sort -committerdate
> git remote --verbose
> git show :.github/workflows/build_and_release.yml
> git check-ignore -v -z --stdin
> git show :.github/workflows/build_and_release_32.yml
> git check-ignore -v -z --stdin
> git show :.github/workflows/build_and_release_32.yml
> git status -z -u
> git symbolic-ref --short HEAD
> git rev-parse dev
> git rev-parse --symbolic-full-name dev@{u}
> git rev-list --left-right dev...refs/remotes/origin/dev
> git for-each-ref --format %(refname) %(objectname) --sort -committerdate
> git remote --verbose
> git status -z -u
> git symbolic-ref --short HEAD
> git rev-parse dev
> git rev-parse --symbolic-full-name dev@{u}
> git rev-list --left-right dev...refs/remotes/origin/dev
> git for-each-ref --format %(refname) %(objectname) --sort -committerdate
> git remote --verbose
> git show :.github/workflows/build_and_release_32.yml
> git status -z -u
> git symbolic-ref --short HEAD
> git rev-parse dev
> git rev-parse --symbolic-full-name dev@{u}
> git rev-list --left-right dev...refs/remotes/origin/dev
> git for-each-ref --format %(refname) %(objectname) --sort -committerdate
> git remote --verbose
> git status -z -u
> git symbolic-ref --short HEAD
> git rev-parse dev
> git rev-parse --symbolic-full-name dev@{u}
> git rev-list --left-right dev...refs/remotes/origin/dev
> git for-each-ref --format %(refname) %(objectname) --sort -committerdate
> git remote --verbose
> git rev-parse --show-toplevel
> git rev-parse --git-dir
> git config --get commit.template
Open repository: /home/shushang/.local/share/omf/themes/gitstatus
> git status -z -u
> git symbolic-ref --short HEAD
> git rev-parse master
> git rev-parse --symbolic-full-name master@{u}
> git rev-list --left-right master...refs/remotes/origin/master
> git for-each-ref --format %(refname) %(objectname) --sort -committerdate
> git remote --verbose
Failed to watch ref '/home/shushang/.local/share/omf/themes/gitstatus/.git/refs/remotes/origin/master', is most likely packed.
Error: ENOENT: no such file or directory, watch '/home/shushang/.local/share/omf/themes/gitstatus/.git/refs/remotes/origin/master'
	at FSWatcher.start (internal/fs/watchers.js:164:26)
	at Object.watch (fs.js:1232:11)
	at Object.t.watch (/usr/share/code/resources/app/extensions/git/dist/main.js:1:594639)
	at T.updateTransientWatchers (/usr/share/code/resources/app/extensions/git/dist/main.js:1:98365)
	at u.fire (/usr/share/code/resources/app/out/vs/workbench/services/extensions/node/extensionHostProcess.js:50:227)
	at k.updateModelState (/usr/share/code/resources/app/extensions/git/dist/main.js:1:116241)
> git show :fish_prompt.fish
> git check-ignore -v -z --stdin
> git status -z -u
> git symbolic-ref --short HEAD
> git rev-parse master
> git rev-parse --symbolic-full-name master@{u}
> git rev-list --left-right master...refs/remotes/origin/master
> git for-each-ref --format %(refname) %(objectname) --sort -committerdate
> git remote --verbose
Failed to watch ref '/home/shushang/.local/share/omf/themes/gitstatus/.git/refs/remotes/origin/master', is most likely packed.
Error: ENOENT: no such file or directory, watch '/home/shushang/.local/share/omf/themes/gitstatus/.git/refs/remotes/origin/master'
	at FSWatcher.start (internal/fs/watchers.js:164:26)
	at Object.watch (fs.js:1232:11)
	at Object.t.watch (/usr/share/code/resources/app/extensions/git/dist/main.js:1:594639)
	at T.updateTransientWatchers (/usr/share/code/resources/app/extensions/git/dist/main.js:1:98365)
	at u.fire (/usr/share/code/resources/app/out/vs/workbench/services/extensions/node/extensionHostProcess.js:50:227)
	at k.updateModelState (/usr/share/code/resources/app/extensions/git/dist/main.js:1:116241)
