2020-07-09 21:27:08,040 ERROR    root            (gcloud) Command name argument expected.
2020-07-09 21:27:08,042 DEBUG    root            Loaded Command Group: ['gcloud', 'kms']
2020-07-09 21:27:08,047 DEBUG    root            Loaded Command Group: ['gcloud', 'debug']
2020-07-09 21:27:08,050 DEBUG    root            No implementation for release track [GA] for element: [/snap/google-cloud-sdk/140/lib/surface/notebooks]
2020-07-09 21:27:08,052 DEBUG    root            No implementation for release track [GA] for element: [/snap/google-cloud-sdk/140/lib/surface/dlp]
2020-07-09 21:27:08,054 DEBUG    root            No implementation for release track [GA] for element: [/snap/google-cloud-sdk/140/lib/surface/memcache]
2020-07-09 21:27:08,057 DEBUG    root            No implementation for release track [GA] for element: [/snap/google-cloud-sdk/140/lib/surface/error_reporting]
2020-07-09 21:27:08,059 DEBUG    root            Loaded Command Group: ['gcloud', 'scheduler']
2020-07-09 21:27:08,074 DEBUG    root            Loaded Command Group: ['gcloud', 'projects']
2020-07-09 21:27:08,078 DEBUG    root            No implementation for release track [GA] for element: [/snap/google-cloud-sdk/140/lib/surface/dialogflow]
2020-07-09 21:27:08,081 DEBUG    root            No implementation for release track [GA] for element: [/snap/google-cloud-sdk/140/lib/surface/privateca]
2020-07-09 21:27:08,202 DEBUG    root            No implementation for release track [GA] for element: [/snap/google-cloud-sdk/140/lib/surface/interactive]
2020-07-09 21:27:08,210 DEBUG    root            No implementation for release track [GA] for element: [/snap/google-cloud-sdk/140/lib/surface/search_help]
2020-07-09 21:27:08,211 DEBUG    root            Loaded Command Group: ['gcloud', 'components']
2020-07-09 21:27:08,215 DEBUG    root            Loaded Command Group: ['gcloud', 'recommender']
2020-07-09 21:27:08,217 DEBUG    root            Loaded Command Group: ['gcloud', 'pubsub']
2020-07-09 21:27:08,220 DEBUG    root            Loaded Command Group: ['gcloud', 'monitoring']
2020-07-09 21:27:08,224 DEBUG    root            No implementation for release track [GA] for element: [/snap/google-cloud-sdk/140/lib/surface/runtime_config]
2020-07-09 21:27:08,230 DEBUG    root            No implementation for release track [GA] for element: [/snap/google-cloud-sdk/140/lib/surface/code]
2020-07-09 21:27:08,231 DEBUG    root            Loaded Command Group: ['gcloud', 'firebase']
2020-07-09 21:27:08,242 DEBUG    root            Loaded Command Group: ['gcloud', 'docker']
2020-07-09 21:27:08,295 DEBUG    root            Loaded Command Group: ['gcloud', 'compute']
2020-07-09 21:27:08,304 DEBUG    root            No implementation for release track [GA] for element: [/snap/google-cloud-sdk/140/lib/surface/apigee]
2020-07-09 21:27:08,346 DEBUG    root            No implementation for release track [GA] for element: [/snap/google-cloud-sdk/140/lib/surface/events]
2020-07-09 21:27:08,385 DEBUG    root            Loaded Command Group: ['gcloud', 'ml_engine']
2020-07-09 21:27:08,388 DEBUG    root            Loaded Command Group: ['gcloud', 'datastore']
2020-07-09 21:27:08,391 DEBUG    root            No implementation for release track [GA] for element: [/snap/google-cloud-sdk/140/lib/surface/data_fusion]
2020-07-09 21:27:08,392 DEBUG    root            Loaded Command Group: ['gcloud', 'run']
2020-07-09 21:27:08,399 DEBUG    root            No implementation for release track [GA] for element: [/snap/google-cloud-sdk/140/lib/surface/bq]
2020-07-09 21:27:08,401 DEBUG    root            Loaded Command Group: ['gcloud', 'builds']
2020-07-09 21:27:08,404 DEBUG    root            No implementation for release track [GA] for element: [/snap/google-cloud-sdk/140/lib/surface/lifesciences]
2020-07-09 21:27:08,415 DEBUG    root            Loaded Command Group: ['gcloud', 'info']
2020-07-09 21:27:08,418 DEBUG    root            Loaded Command Group: ['gcloud', 'redis']
2020-07-09 21:27:08,420 DEBUG    root            No implementation for release track [GA] for element: [/snap/google-cloud-sdk/140/lib/surface/certificate_manager]
2020-07-09 21:27:08,423 DEBUG    root            Loaded Command Group: ['gcloud', 'help']
2020-07-09 21:27:08,426 DEBUG    root            Loaded Command Group: ['gcloud', 'healthcare']
2020-07-09 21:27:08,429 DEBUG    root            No implementation for release track [GA] for element: [/snap/google-cloud-sdk/140/lib/surface/emulators]
2020-07-09 21:27:08,430 DEBUG    root            Loaded Command Group: ['gcloud', 'composer']
2020-07-09 21:27:08,433 DEBUG    root            Loaded Command Group: ['gcloud', 'auth']
2020-07-09 21:27:08,435 DEBUG    root            Loaded Command Group: ['gcloud', 'resource_manager']
2020-07-09 21:27:08,438 DEBUG    root            Loaded Command Group: ['gcloud', 'sql']
2020-07-09 21:27:08,441 DEBUG    root            No implementation for release track [GA] for element: [/snap/google-cloud-sdk/140/lib/surface/game]
2020-07-09 21:27:08,442 DEBUG    root            Loaded Command Group: ['gcloud', 'spanner']
2020-07-09 21:27:08,444 DEBUG    root            Loaded Command Group: ['gcloud', 'dns']
2020-07-09 21:27:08,447 DEBUG    root            Loaded Command Group: ['gcloud', 'policy_troubleshoot']
2020-07-09 21:27:08,453 DEBUG    root            Loaded Command Group: ['gcloud', 'feedback']
2020-07-09 21:27:08,456 DEBUG    root            Loaded Command Group: ['gcloud', 'data_catalog']
2020-07-09 21:27:08,459 DEBUG    root            No implementation for release track [GA] for element: [/snap/google-cloud-sdk/140/lib/surface/recaptcha]
2020-07-09 21:27:08,460 DEBUG    root            No implementation for release track [GA] for element: [/snap/google-cloud-sdk/140/lib/surface/network_services]
2020-07-09 21:27:08,461 DEBUG    root            Loaded Command Group: ['gcloud', 'container']
2020-07-09 21:27:08,464 DEBUG    root            No implementation for release track [GA] for element: [/snap/google-cloud-sdk/140/lib/surface/genomics]
2020-07-09 21:27:08,466 DEBUG    root            Loaded Command Group: ['gcloud', 'endpoints']
2020-07-09 21:27:08,468 DEBUG    root            Loaded Command Group: ['gcloud', 'secrets']
2020-07-09 21:27:08,471 DEBUG    root            Loaded Command Group: ['gcloud', 'active_directory']
2020-07-09 21:27:08,473 DEBUG    root            No implementation for release track [GA] for element: [/snap/google-cloud-sdk/140/lib/surface/web_security_scanner]
2020-07-09 21:27:08,474 DEBUG    root            No implementation for release track [GA] for element: [/snap/google-cloud-sdk/140/lib/surface/artifacts]
2020-07-09 21:27:08,475 DEBUG    root            Loaded Command Group: ['gcloud', 'network_management']
2020-07-09 21:27:08,477 DEBUG    root            Loaded Command Group: ['gcloud', 'organizations']
2020-07-09 21:27:08,480 DEBUG    root            No implementation for release track [GA] for element: [/snap/google-cloud-sdk/140/lib/surface/access_approval]
2020-07-09 21:27:08,480 DEBUG    root            Loaded Command Group: ['gcloud', 'asset']
2020-07-09 21:27:08,484 DEBUG    root            No implementation for release track [GA] for element: [/snap/google-cloud-sdk/140/lib/surface/scc]
2020-07-09 21:27:08,485 DEBUG    root            No implementation for release track [GA] for element: [/snap/google-cloud-sdk/140/lib/surface/storage]
2020-07-09 21:27:08,486 DEBUG    root            No implementation for release track [GA] for element: [/snap/google-cloud-sdk/140/lib/surface/billing]
2020-07-09 21:27:08,487 DEBUG    root            Loaded Command Group: ['gcloud', 'services']
2020-07-09 21:27:08,490 DEBUG    root            No implementation for release track [GA] for element: [/snap/google-cloud-sdk/140/lib/surface/labelmanager]
2020-07-09 21:27:08,492 DEBUG    root            Loaded Command Group: ['gcloud', 'app']
2020-07-09 21:27:08,494 DEBUG    root            No implementation for release track [GA] for element: [/snap/google-cloud-sdk/140/lib/surface/trace]
2020-07-09 21:27:08,497 DEBUG    root            Loaded Command Group: ['gcloud', 'ml']
2020-07-09 21:27:08,499 DEBUG    root            Loaded Command Group: ['gcloud', 'access_context_manager']
2020-07-09 21:27:08,502 DEBUG    root            Loaded Command Group: ['gcloud', 'dataflow']
2020-07-09 21:27:08,504 DEBUG    root            Loaded Command Group: ['gcloud', 'anthos']
2020-07-09 21:27:08,508 DEBUG    root            Loaded Command Group: ['gcloud', 'cheat_sheet']
2020-07-09 21:27:08,511 DEBUG    root            Loaded Command Group: ['gcloud', 'config']
2020-07-09 21:27:08,515 DEBUG    root            Loaded Command Group: ['gcloud', 'dataproc']
2020-07-09 21:27:08,526 DEBUG    root            Loaded Command Group: ['gcloud', 'init']
2020-07-09 21:27:08,529 DEBUG    root            No implementation for release track [GA] for element: [/snap/google-cloud-sdk/140/lib/surface/resource_settings]
2020-07-09 21:27:08,538 DEBUG    root            Loaded Command Group: ['gcloud', 'survey']
2020-07-09 21:27:08,542 DEBUG    root            Loaded Command Group: ['gcloud', 'functions']
2020-07-09 21:27:08,544 DEBUG    root            No implementation for release track [GA] for element: [/snap/google-cloud-sdk/140/lib/surface/resources]
2020-07-09 21:27:08,546 DEBUG    root            No implementation for release track [GA] for element: [/snap/google-cloud-sdk/140/lib/surface/identity]
2020-07-09 21:27:08,547 DEBUG    root            Loaded Command Group: ['gcloud', 'bigtable']
2020-07-09 21:27:08,549 DEBUG    root            Loaded Command Group: ['gcloud', 'ai_platform']
2020-07-09 21:27:08,552 DEBUG    root            Loaded Command Group: ['gcloud', 'tasks']
2020-07-09 21:27:08,556 DEBUG    root            Loaded Command Group: ['gcloud', 'version']
2020-07-09 21:27:08,558 DEBUG    root            Loaded Command Group: ['gcloud', 'source']
2020-07-09 21:27:08,561 DEBUG    root            Loaded Command Group: ['gcloud', 'firestore']
2020-07-09 21:27:08,564 DEBUG    root            No implementation for release track [GA] for element: [/snap/google-cloud-sdk/140/lib/surface/api_gateway]
2020-07-09 21:27:08,565 DEBUG    root            Loaded Command Group: ['gcloud', 'iot']
2020-07-09 21:27:08,568 DEBUG    root            No implementation for release track [GA] for element: [/snap/google-cloud-sdk/140/lib/surface/remote_build_execution]
2020-07-09 21:27:08,569 DEBUG    root            No implementation for release track [GA] for element: [/snap/google-cloud-sdk/140/lib/surface/org_policies]
2020-07-09 21:27:08,571 DEBUG    root            Loaded Command Group: ['gcloud', 'meta']
2020-07-09 21:27:08,573 DEBUG    root            No implementation for release track [GA] for element: [/snap/google-cloud-sdk/140/lib/surface/network_security]
2020-07-09 21:27:08,574 DEBUG    root            No implementation for release track [GA] for element: [/snap/google-cloud-sdk/140/lib/surface/cloud_shell]
2020-07-09 21:27:08,575 DEBUG    root            No implementation for release track [GA] for element: [/snap/google-cloud-sdk/140/lib/surface/workflows]
2020-07-09 21:27:08,576 DEBUG    root            Loaded Command Group: ['gcloud', 'filestore']
2020-07-09 21:27:08,579 DEBUG    root            Loaded Command Group: ['gcloud', 'topic']
2020-07-09 21:27:08,582 DEBUG    root            Loaded Command Group: ['gcloud', 'deployment_manager']
2020-07-09 21:27:08,585 DEBUG    root            Loaded Command Group: ['gcloud', 'iam']
2020-07-09 21:27:08,588 DEBUG    root            No implementation for release track [GA] for element: [/snap/google-cloud-sdk/140/lib/surface/service_directory]
2020-07-09 21:27:08,589 DEBUG    root            Loaded Command Group: ['gcloud', 'iap']
2020-07-09 21:27:08,592 DEBUG    root            Loaded Command Group: ['gcloud', 'domains']
2020-07-09 21:27:08,595 DEBUG    root            Loaded Command Group: ['gcloud', 'logging']
2020-07-09 21:27:08,598 DEBUG    root            No implementation for release track [GA] for element: [/snap/google-cloud-sdk/140/lib/surface/vmware]
