00:00:00.003311 main     VirtualBox XPCOM Server 6.1.10_Ubuntu r138449 linux.amd64 (Jun  6 2020 11:31:37) release log
00:00:00.003315 main     Log opened 2020-09-29T10:41:31.650318000Z
00:00:00.003315 main     Build Type: release
00:00:00.003326 main     OS Product: Linux
00:00:00.003327 main     OS Release: 5.4.0-48-generic
00:00:00.003328 main     OS Version: #52-Ubuntu SMP Thu Sep 10 10:58:49 UTC 2020
00:00:00.003428 main     DMI Product Name: OptiPlex 3050
00:00:00.003437 main     DMI Product Version: 
00:00:00.003449 main     Firmware type: BIOS
00:00:00.003501 main     Host RAM: 7846MB (7.6GB) total, 2541MB (2.4GB) available
00:00:00.003509 main     Executable: /usr/lib/virtualbox/VBoxSVC
00:00:00.003509 main     Process ID: 162522
00:00:00.003509 main     Package type: LINUX_64BITS_GENERIC (OSE)
00:00:00.005625 main     IPC socket path: /tmp/.vbox-shushang-ipc/ipcd
00:00:00.113583 nspr-2   VirtualBox: object creation starts
00:00:00.113723 nspr-2   Home directory: '/home/shushang/.config/VirtualBox'
00:00:00.114314 nspr-2   Loading settings file "/home/shushang/.config/VirtualBox/VirtualBox.xml" with version "1.12-linux"
00:00:00.121789 nspr-2   HostDnsMonitor: initializing
00:00:00.122198 nspr-2   NAT: resolv.conf: nameserver 127.0.0.53
00:00:00.122224 nspr-2   NAT: resolv.conf: ignoring "options edns0"
00:00:00.122242 nspr-2   HostDnsMonitor: updating information
00:00:00.122283 nspr-2   HostDnsMonitor: old information
00:00:00.122291 nspr-2     no server entries
00:00:00.122296 nspr-2     no domain set
00:00:00.122302 nspr-2     no search string entries
00:00:00.122307 nspr-2   HostDnsMonitor: new information
00:00:00.122312 nspr-2     server 1: 127.0.0.53
00:00:00.122319 nspr-2     no domain set
00:00:00.122324 nspr-2     no search string entries
00:00:00.132037 nspr-2   VD: VDInit finished with VINF_SUCCESS
00:00:00.133310 nspr-2   ERROR [COM]: aRC=NS_ERROR_FAILURE (0x80004005) aIID={027bc463-929c-40e8-bf16-fea557cd8e7e} aComponent={SystemPropertiesWrap} aText={Cannot determine default Guest Additions ISO location. Most likely they are not available}, preserve=false aResultDetail=0
00:00:00.152820 nspr-2   ERROR [COM]: aRC=NS_ERROR_FAILURE (0x80004005) aIID={85632c68-b5bb-4316-a900-5eb28d3413df} aComponent={MachineWrap} aText={Runtime error opening '/home/shushang/VirtualBox VMs/ubuntu-18.04/ubuntu-18.04.vbox' for reading: -102 (File not found.).
00:00:00.152834 nspr-2   /build/virtualbox-SRwERU/virtualbox-6.1.10-dfsg/src/VBox/Main/src-server/MachineImpl.cpp[758] (nsresult Machine::i_registeredInit())}, preserve=false aResultDetail=0
00:00:00.153269 nspr-2   ERROR [COM]: aRC=NS_ERROR_FAILURE (0x80004005) aIID={85632c68-b5bb-4316-a900-5eb28d3413df} aComponent={MachineWrap} aText={Runtime error opening '/home/shushang/VirtualBox VMs/novux/novux.vbox' for reading: -102 (File not found.).
00:00:00.153278 nspr-2   /build/virtualbox-SRwERU/virtualbox-6.1.10-dfsg/src/VBox/Main/src-server/MachineImpl.cpp[758] (nsresult Machine::i_registeredInit())}, preserve=false aResultDetail=0
00:00:00.153561 nspr-2   ERROR [COM]: aRC=NS_ERROR_FAILURE (0x80004005) aIID={85632c68-b5bb-4316-a900-5eb28d3413df} aComponent={MachineWrap} aText={Runtime error opening '/home/shushang/VirtualBox VMs/CP Debian/CP Debian.vbox' for reading: -102 (File not found.).
00:00:00.153568 nspr-2   /build/virtualbox-SRwERU/virtualbox-6.1.10-dfsg/src/VBox/Main/src-server/MachineImpl.cpp[758] (nsresult Machine::i_registeredInit())}, preserve=false aResultDetail=0
00:00:00.153849 nspr-2   ERROR [COM]: aRC=NS_ERROR_FAILURE (0x80004005) aIID={85632c68-b5bb-4316-a900-5eb28d3413df} aComponent={MachineWrap} aText={Runtime error opening '/home/shushang/VirtualBox VMs/Hyperbola GNU Linux_Libre/Hyperbola GNU Linux_Libre.vbox' for reading: -102 (File not found.).
00:00:00.153856 nspr-2   /build/virtualbox-SRwERU/virtualbox-6.1.10-dfsg/src/VBox/Main/src-server/MachineImpl.cpp[758] (nsresult Machine::i_registeredInit())}, preserve=false aResultDetail=0
00:00:00.155451 nspr-2   VirtualBox: object created
00:00:00.729941 nspr-3   ERROR [COM]: aRC=NS_ERROR_FAILURE (0x80004005) aIID={85632c68-b5bb-4316-a900-5eb28d3413df} aComponent={MachineWrap} aText={Runtime error opening '/home/shushang/VirtualBox VMs/ubuntu-18.04/ubuntu-18.04.vbox' for reading: -102 (File not found.).
00:00:00.729946 nspr-3   /build/virtualbox-SRwERU/virtualbox-6.1.10-dfsg/src/VBox/Main/src-server/MachineImpl.cpp[758] (nsresult Machine::i_registeredInit())}, preserve=false aResultDetail=0
00:00:00.730252 nspr-3   ERROR [COM]: aRC=NS_ERROR_FAILURE (0x80004005) aIID={85632c68-b5bb-4316-a900-5eb28d3413df} aComponent={MachineWrap} aText={Runtime error opening '/home/shushang/VirtualBox VMs/ubuntu-18.04/ubuntu-18.04.vbox' for reading: -102 (File not found.).
00:00:00.730255 nspr-3   /build/virtualbox-SRwERU/virtualbox-6.1.10-dfsg/src/VBox/Main/src-server/MachineImpl.cpp[758] (nsresult Machine::i_registeredInit())}, preserve=false aResultDetail=0
00:00:00.731025 nspr-3   ERROR [COM]: aRC=NS_ERROR_FAILURE (0x80004005) aIID={85632c68-b5bb-4316-a900-5eb28d3413df} aComponent={MachineWrap} aText={Runtime error opening '/home/shushang/VirtualBox VMs/ubuntu-18.04/ubuntu-18.04.vbox' for reading: -102 (File not found.).
00:00:00.731028 nspr-3   /build/virtualbox-SRwERU/virtualbox-6.1.10-dfsg/src/VBox/Main/src-server/MachineImpl.cpp[758] (nsresult Machine::i_registeredInit())}, preserve=false aResultDetail=0
00:00:00.733887 nspr-3   ERROR [COM]: aRC=NS_ERROR_FAILURE (0x80004005) aIID={85632c68-b5bb-4316-a900-5eb28d3413df} aComponent={MachineWrap} aText={Runtime error opening '/home/shushang/VirtualBox VMs/novux/novux.vbox' for reading: -102 (File not found.).
00:00:00.733892 nspr-3   /build/virtualbox-SRwERU/virtualbox-6.1.10-dfsg/src/VBox/Main/src-server/MachineImpl.cpp[758] (nsresult Machine::i_registeredInit())}, preserve=false aResultDetail=0
00:00:00.734130 nspr-3   ERROR [COM]: aRC=NS_ERROR_FAILURE (0x80004005) aIID={85632c68-b5bb-4316-a900-5eb28d3413df} aComponent={MachineWrap} aText={Runtime error opening '/home/shushang/VirtualBox VMs/novux/novux.vbox' for reading: -102 (File not found.).
00:00:00.734133 nspr-3   /build/virtualbox-SRwERU/virtualbox-6.1.10-dfsg/src/VBox/Main/src-server/MachineImpl.cpp[758] (nsresult Machine::i_registeredInit())}, preserve=false aResultDetail=0
00:00:00.734818 nspr-3   ERROR [COM]: aRC=NS_ERROR_FAILURE (0x80004005) aIID={85632c68-b5bb-4316-a900-5eb28d3413df} aComponent={MachineWrap} aText={Runtime error opening '/home/shushang/VirtualBox VMs/novux/novux.vbox' for reading: -102 (File not found.).
00:00:00.734821 nspr-3   /build/virtualbox-SRwERU/virtualbox-6.1.10-dfsg/src/VBox/Main/src-server/MachineImpl.cpp[758] (nsresult Machine::i_registeredInit())}, preserve=false aResultDetail=0
00:00:00.735308 nspr-3   ERROR [COM]: aRC=NS_ERROR_FAILURE (0x80004005) aIID={85632c68-b5bb-4316-a900-5eb28d3413df} aComponent={MachineWrap} aText={Runtime error opening '/home/shushang/VirtualBox VMs/CP Debian/CP Debian.vbox' for reading: -102 (File not found.).
00:00:00.735311 nspr-3   /build/virtualbox-SRwERU/virtualbox-6.1.10-dfsg/src/VBox/Main/src-server/MachineImpl.cpp[758] (nsresult Machine::i_registeredInit())}, preserve=false aResultDetail=0
00:00:00.735523 nspr-3   ERROR [COM]: aRC=NS_ERROR_FAILURE (0x80004005) aIID={85632c68-b5bb-4316-a900-5eb28d3413df} aComponent={MachineWrap} aText={Runtime error opening '/home/shushang/VirtualBox VMs/CP Debian/CP Debian.vbox' for reading: -102 (File not found.).
00:00:00.735525 nspr-3   /build/virtualbox-SRwERU/virtualbox-6.1.10-dfsg/src/VBox/Main/src-server/MachineImpl.cpp[758] (nsresult Machine::i_registeredInit())}, preserve=false aResultDetail=0
00:00:00.736037 nspr-3   ERROR [COM]: aRC=NS_ERROR_FAILURE (0x80004005) aIID={85632c68-b5bb-4316-a900-5eb28d3413df} aComponent={MachineWrap} aText={Runtime error opening '/home/shushang/VirtualBox VMs/CP Debian/CP Debian.vbox' for reading: -102 (File not found.).
00:00:00.736040 nspr-3   /build/virtualbox-SRwERU/virtualbox-6.1.10-dfsg/src/VBox/Main/src-server/MachineImpl.cpp[758] (nsresult Machine::i_registeredInit())}, preserve=false aResultDetail=0
00:00:00.736444 nspr-3   ERROR [COM]: aRC=NS_ERROR_FAILURE (0x80004005) aIID={85632c68-b5bb-4316-a900-5eb28d3413df} aComponent={MachineWrap} aText={Runtime error opening '/home/shushang/VirtualBox VMs/Hyperbola GNU Linux_Libre/Hyperbola GNU Linux_Libre.vbox' for reading: -102 (File not found.).
00:00:00.736446 nspr-3   /build/virtualbox-SRwERU/virtualbox-6.1.10-dfsg/src/VBox/Main/src-server/MachineImpl.cpp[758] (nsresult Machine::i_registeredInit())}, preserve=false aResultDetail=0
00:00:00.736658 nspr-3   ERROR [COM]: aRC=NS_ERROR_FAILURE (0x80004005) aIID={85632c68-b5bb-4316-a900-5eb28d3413df} aComponent={MachineWrap} aText={Runtime error opening '/home/shushang/VirtualBox VMs/Hyperbola GNU Linux_Libre/Hyperbola GNU Linux_Libre.vbox' for reading: -102 (File not found.).
00:00:00.736660 nspr-3   /build/virtualbox-SRwERU/virtualbox-6.1.10-dfsg/src/VBox/Main/src-server/MachineImpl.cpp[758] (nsresult Machine::i_registeredInit())}, preserve=false aResultDetail=0
00:00:00.737072 nspr-3   ERROR [COM]: aRC=NS_ERROR_FAILURE (0x80004005) aIID={85632c68-b5bb-4316-a900-5eb28d3413df} aComponent={MachineWrap} aText={Runtime error opening '/home/shushang/VirtualBox VMs/Hyperbola GNU Linux_Libre/Hyperbola GNU Linux_Libre.vbox' for reading: -102 (File not found.).
00:00:00.737074 nspr-3   /build/virtualbox-SRwERU/virtualbox-6.1.10-dfsg/src/VBox/Main/src-server/MachineImpl.cpp[758] (nsresult Machine::i_registeredInit())}, preserve=false aResultDetail=0
00:00:00.824224 nspr-3   ERROR [COM]: aRC=E_ACCESSDENIED (0x80070005) aIID={85632c68-b5bb-4316-a900-5eb28d3413df} aComponent={MachineWrap} aText={The object functionality is limited}, preserve=false aResultDetail=0
00:00:00.824266 nspr-3   ERROR [COM]: aRC=E_ACCESSDENIED (0x80070005) aIID={85632c68-b5bb-4316-a900-5eb28d3413df} aComponent={MachineWrap} aText={The object functionality is limited}, preserve=false aResultDetail=0
00:00:00.824275 nspr-3   ERROR [COM]: aRC=E_ACCESSDENIED (0x80070005) aIID={85632c68-b5bb-4316-a900-5eb28d3413df} aComponent={MachineWrap} aText={The object functionality is limited}, preserve=false aResultDetail=0
00:00:00.824281 nspr-3   ERROR [COM]: aRC=E_ACCESSDENIED (0x80070005) aIID={85632c68-b5bb-4316-a900-5eb28d3413df} aComponent={MachineWrap} aText={The object functionality is limited}, preserve=false aResultDetail=0
00:00:00.824289 nspr-3   ERROR [COM]: aRC=VBOX_E_OBJECT_NOT_FOUND (0x80bb0001) aIID={d0a0163f-e254-4e5b-a1f2-011cf991c38d} aComponent={VirtualBoxWrap} aText={Could not find a registered machine named 'Hyperbola GNU Linux/Libre'}, preserve=false aResultDetail=0
00:00:09.057851 nspr-3   ERROR [COM]: aRC=E_ACCESSDENIED (0x80070005) aIID={85632c68-b5bb-4316-a900-5eb28d3413df} aComponent={MachineWrap} aText={The object functionality is limited}, preserve=false aResultDetail=0
00:00:09.063981 nspr-3   ERROR [COM]: aRC=NS_ERROR_FAILURE (0x80004005) aIID={85632c68-b5bb-4316-a900-5eb28d3413df} aComponent={MachineWrap} aText={Runtime error opening '/home/shushang/VirtualBox VMs/ubuntu-18.04/ubuntu-18.04.vbox' for reading: -102 (File not found.).
00:00:09.063989 nspr-3   /build/virtualbox-SRwERU/virtualbox-6.1.10-dfsg/src/VBox/Main/src-server/MachineImpl.cpp[758] (nsresult Machine::i_registeredInit())}, preserve=false aResultDetail=0
00:00:09.076002 nspr-3   ERROR [COM]: aRC=NS_ERROR_FAILURE (0x80004005) aIID={85632c68-b5bb-4316-a900-5eb28d3413df} aComponent={MachineWrap} aText={Runtime error opening '/home/shushang/VirtualBox VMs/ubuntu-18.04/ubuntu-18.04.vbox' for reading: -102 (File not found.).
00:00:09.076007 nspr-3   /build/virtualbox-SRwERU/virtualbox-6.1.10-dfsg/src/VBox/Main/src-server/MachineImpl.cpp[758] (nsresult Machine::i_registeredInit())}, preserve=false aResultDetail=0
00:00:09.181735 nspr-3   ERROR [COM]: aRC=NS_ERROR_FAILURE (0x80004005) aIID={85632c68-b5bb-4316-a900-5eb28d3413df} aComponent={MachineWrap} aText={Runtime error opening '/home/shushang/VirtualBox VMs/ubuntu-18.04/ubuntu-18.04.vbox' for reading: -102 (File not found.).
00:00:09.181740 nspr-3   /build/virtualbox-SRwERU/virtualbox-6.1.10-dfsg/src/VBox/Main/src-server/MachineImpl.cpp[758] (nsresult Machine::i_registeredInit())}, preserve=false aResultDetail=0
00:00:09.182199 nspr-3   ERROR [COM]: aRC=E_ACCESSDENIED (0x80070005) aIID={85632c68-b5bb-4316-a900-5eb28d3413df} aComponent={MachineWrap} aText={The object functionality is limited}, preserve=false aResultDetail=0
00:00:09.183014 nspr-3   ERROR [COM]: aRC=E_ACCESSDENIED (0x80070005) aIID={85632c68-b5bb-4316-a900-5eb28d3413df} aComponent={MachineWrap} aText={The object functionality is limited}, preserve=false aResultDetail=0
00:00:09.184035 nspr-3   ERROR [COM]: aRC=E_ACCESSDENIED (0x80070005) aIID={85632c68-b5bb-4316-a900-5eb28d3413df} aComponent={MachineWrap} aText={The object functionality is limited}, preserve=false aResultDetail=0
00:00:09.184517 nspr-3   ERROR [COM]: aRC=E_ACCESSDENIED (0x80070005) aIID={85632c68-b5bb-4316-a900-5eb28d3413df} aComponent={MachineWrap} aText={The object functionality is limited}, preserve=false aResultDetail=0
00:00:09.186613 nspr-3   ERROR [COM]: aRC=NS_ERROR_FAILURE (0x80004005) aIID={85632c68-b5bb-4316-a900-5eb28d3413df} aComponent={MachineWrap} aText={Runtime error opening '/home/shushang/VirtualBox VMs/ubuntu-18.04/ubuntu-18.04.vbox' for reading: -102 (File not found.).
00:00:09.186617 nspr-3   /build/virtualbox-SRwERU/virtualbox-6.1.10-dfsg/src/VBox/Main/src-server/MachineImpl.cpp[758] (nsresult Machine::i_registeredInit())}, preserve=false aResultDetail=0
00:00:09.188274 nspr-3   ERROR [COM]: aRC=NS_ERROR_FAILURE (0x80004005) aIID={85632c68-b5bb-4316-a900-5eb28d3413df} aComponent={MachineWrap} aText={Runtime error opening '/home/shushang/VirtualBox VMs/ubuntu-18.04/ubuntu-18.04.vbox' for reading: -102 (File not found.).
00:00:09.188277 nspr-3   /build/virtualbox-SRwERU/virtualbox-6.1.10-dfsg/src/VBox/Main/src-server/MachineImpl.cpp[758] (nsresult Machine::i_registeredInit())}, preserve=false aResultDetail=0
00:00:09.189748 nspr-3   ERROR [COM]: aRC=NS_ERROR_FAILURE (0x80004005) aIID={85632c68-b5bb-4316-a900-5eb28d3413df} aComponent={MachineWrap} aText={Runtime error opening '/home/shushang/VirtualBox VMs/ubuntu-18.04/ubuntu-18.04.vbox' for reading: -102 (File not found.).
00:00:09.189751 nspr-3   /build/virtualbox-SRwERU/virtualbox-6.1.10-dfsg/src/VBox/Main/src-server/MachineImpl.cpp[758] (nsresult Machine::i_registeredInit())}, preserve=false aResultDetail=0
00:00:09.191101 nspr-3   ERROR [COM]: aRC=NS_ERROR_FAILURE (0x80004005) aIID={85632c68-b5bb-4316-a900-5eb28d3413df} aComponent={MachineWrap} aText={Runtime error opening '/home/shushang/VirtualBox VMs/ubuntu-18.04/ubuntu-18.04.vbox' for reading: -102 (File not found.).
00:00:09.191104 nspr-3   /build/virtualbox-SRwERU/virtualbox-6.1.10-dfsg/src/VBox/Main/src-server/MachineImpl.cpp[758] (nsresult Machine::i_registeredInit())}, preserve=false aResultDetail=0
00:00:09.193934 nspr-3   ERROR [COM]: aRC=NS_ERROR_FAILURE (0x80004005) aIID={85632c68-b5bb-4316-a900-5eb28d3413df} aComponent={MachineWrap} aText={Runtime error opening '/home/shushang/VirtualBox VMs/ubuntu-18.04/ubuntu-18.04.vbox' for reading: -102 (File not found.).
00:00:09.193938 nspr-3   /build/virtualbox-SRwERU/virtualbox-6.1.10-dfsg/src/VBox/Main/src-server/MachineImpl.cpp[758] (nsresult Machine::i_registeredInit())}, preserve=false aResultDetail=0
00:00:09.196162 nspr-3   ERROR [COM]: aRC=NS_ERROR_FAILURE (0x80004005) aIID={85632c68-b5bb-4316-a900-5eb28d3413df} aComponent={MachineWrap} aText={Runtime error opening '/home/shushang/VirtualBox VMs/ubuntu-18.04/ubuntu-18.04.vbox' for reading: -102 (File not found.).
00:00:09.196165 nspr-3   /build/virtualbox-SRwERU/virtualbox-6.1.10-dfsg/src/VBox/Main/src-server/MachineImpl.cpp[758] (nsresult Machine::i_registeredInit())}, preserve=false aResultDetail=0
00:00:09.937936 nspr-3   ERROR [COM]: aRC=NS_ERROR_FAILURE (0x80004005) aIID={85632c68-b5bb-4316-a900-5eb28d3413df} aComponent={MachineWrap} aText={Runtime error opening '/home/shushang/VirtualBox VMs/ubuntu-18.04/ubuntu-18.04.vbox' for reading: -102 (File not found.).
00:00:09.937951 nspr-3   /build/virtualbox-SRwERU/virtualbox-6.1.10-dfsg/src/VBox/Main/src-server/MachineImpl.cpp[758] (nsresult Machine::i_registeredInit())}, preserve=false aResultDetail=0
00:00:11.533678 nspr-3   Saving settings file "/home/shushang/.config/VirtualBox/VirtualBox.xml" with version "1.12-linux"
00:00:11.571474 nspr-3   ERROR [COM]: aRC=E_ACCESSDENIED (0x80070005) aIID={85632c68-b5bb-4316-a900-5eb28d3413df} aComponent={MachineWrap} aText={The object functionality is limited}, preserve=false aResultDetail=0
00:00:11.581639 nspr-3   ERROR [COM]: aRC=NS_ERROR_FAILURE (0x80004005) aIID={85632c68-b5bb-4316-a900-5eb28d3413df} aComponent={MachineWrap} aText={Runtime error opening '/home/shushang/VirtualBox VMs/novux/novux.vbox' for reading: -102 (File not found.).
00:00:11.581653 nspr-3   /build/virtualbox-SRwERU/virtualbox-6.1.10-dfsg/src/VBox/Main/src-server/MachineImpl.cpp[758] (nsresult Machine::i_registeredInit())}, preserve=false aResultDetail=0
00:00:11.591505 nspr-3   ERROR [COM]: aRC=E_ACCESSDENIED (0x80070005) aIID={85632c68-b5bb-4316-a900-5eb28d3413df} aComponent={MachineWrap} aText={The object functionality is limited}, preserve=false aResultDetail=0
00:00:11.606056 nspr-3   ERROR [COM]: aRC=NS_ERROR_FAILURE (0x80004005) aIID={85632c68-b5bb-4316-a900-5eb28d3413df} aComponent={MachineWrap} aText={Runtime error opening '/home/shushang/VirtualBox VMs/novux/novux.vbox' for reading: -102 (File not found.).
00:00:11.606063 nspr-3   /build/virtualbox-SRwERU/virtualbox-6.1.10-dfsg/src/VBox/Main/src-server/MachineImpl.cpp[758] (nsresult Machine::i_registeredInit())}, preserve=false aResultDetail=0
00:00:11.612796 nspr-3   ERROR [COM]: aRC=NS_ERROR_FAILURE (0x80004005) aIID={85632c68-b5bb-4316-a900-5eb28d3413df} aComponent={MachineWrap} aText={Runtime error opening '/home/shushang/VirtualBox VMs/novux/novux.vbox' for reading: -102 (File not found.).
00:00:11.612806 nspr-3   /build/virtualbox-SRwERU/virtualbox-6.1.10-dfsg/src/VBox/Main/src-server/MachineImpl.cpp[758] (nsresult Machine::i_registeredInit())}, preserve=false aResultDetail=0
00:00:11.613772 nspr-3   ERROR [COM]: aRC=NS_ERROR_FAILURE (0x80004005) aIID={85632c68-b5bb-4316-a900-5eb28d3413df} aComponent={MachineWrap} aText={Runtime error opening '/home/shushang/VirtualBox VMs/novux/novux.vbox' for reading: -102 (File not found.).
00:00:11.613781 nspr-3   /build/virtualbox-SRwERU/virtualbox-6.1.10-dfsg/src/VBox/Main/src-server/MachineImpl.cpp[758] (nsresult Machine::i_registeredInit())}, preserve=false aResultDetail=0
00:00:11.614273 nspr-3   ERROR [COM]: aRC=E_ACCESSDENIED (0x80070005) aIID={85632c68-b5bb-4316-a900-5eb28d3413df} aComponent={MachineWrap} aText={The object functionality is limited}, preserve=false aResultDetail=0
00:00:11.615204 nspr-3   ERROR [COM]: aRC=E_ACCESSDENIED (0x80070005) aIID={85632c68-b5bb-4316-a900-5eb28d3413df} aComponent={MachineWrap} aText={The object functionality is limited}, preserve=false aResultDetail=0
00:00:11.616631 nspr-3   ERROR [COM]: aRC=NS_ERROR_FAILURE (0x80004005) aIID={85632c68-b5bb-4316-a900-5eb28d3413df} aComponent={MachineWrap} aText={Runtime error opening '/home/shushang/VirtualBox VMs/novux/novux.vbox' for reading: -102 (File not found.).
00:00:11.616638 nspr-3   /build/virtualbox-SRwERU/virtualbox-6.1.10-dfsg/src/VBox/Main/src-server/MachineImpl.cpp[758] (nsresult Machine::i_registeredInit())}, preserve=false aResultDetail=0
00:00:11.617181 nspr-3   ERROR [COM]: aRC=NS_ERROR_FAILURE (0x80004005) aIID={85632c68-b5bb-4316-a900-5eb28d3413df} aComponent={MachineWrap} aText={Runtime error opening '/home/shushang/VirtualBox VMs/novux/novux.vbox' for reading: -102 (File not found.).
00:00:11.617190 nspr-3   /build/virtualbox-SRwERU/virtualbox-6.1.10-dfsg/src/VBox/Main/src-server/MachineImpl.cpp[758] (nsresult Machine::i_registeredInit())}, preserve=false aResultDetail=0
00:00:11.617794 nspr-3   ERROR [COM]: aRC=NS_ERROR_FAILURE (0x80004005) aIID={85632c68-b5bb-4316-a900-5eb28d3413df} aComponent={MachineWrap} aText={Runtime error opening '/home/shushang/VirtualBox VMs/novux/novux.vbox' for reading: -102 (File not found.).
00:00:11.617801 nspr-3   /build/virtualbox-SRwERU/virtualbox-6.1.10-dfsg/src/VBox/Main/src-server/MachineImpl.cpp[758] (nsresult Machine::i_registeredInit())}, preserve=false aResultDetail=0
00:00:11.618274 nspr-3   ERROR [COM]: aRC=NS_ERROR_FAILURE (0x80004005) aIID={85632c68-b5bb-4316-a900-5eb28d3413df} aComponent={MachineWrap} aText={Runtime error opening '/home/shushang/VirtualBox VMs/novux/novux.vbox' for reading: -102 (File not found.).
00:00:11.618278 nspr-3   /build/virtualbox-SRwERU/virtualbox-6.1.10-dfsg/src/VBox/Main/src-server/MachineImpl.cpp[758] (nsresult Machine::i_registeredInit())}, preserve=false aResultDetail=0
00:00:11.618636 nspr-3   ERROR [COM]: aRC=NS_ERROR_FAILURE (0x80004005) aIID={85632c68-b5bb-4316-a900-5eb28d3413df} aComponent={MachineWrap} aText={Runtime error opening '/home/shushang/VirtualBox VMs/novux/novux.vbox' for reading: -102 (File not found.).
00:00:11.618641 nspr-3   /build/virtualbox-SRwERU/virtualbox-6.1.10-dfsg/src/VBox/Main/src-server/MachineImpl.cpp[758] (nsresult Machine::i_registeredInit())}, preserve=false aResultDetail=0
00:00:11.619141 nspr-3   ERROR [COM]: aRC=NS_ERROR_FAILURE (0x80004005) aIID={85632c68-b5bb-4316-a900-5eb28d3413df} aComponent={MachineWrap} aText={Runtime error opening '/home/shushang/VirtualBox VMs/novux/novux.vbox' for reading: -102 (File not found.).
00:00:11.619146 nspr-3   /build/virtualbox-SRwERU/virtualbox-6.1.10-dfsg/src/VBox/Main/src-server/MachineImpl.cpp[758] (nsresult Machine::i_registeredInit())}, preserve=false aResultDetail=0
00:00:14.281867 nspr-3   ERROR [COM]: aRC=NS_ERROR_FAILURE (0x80004005) aIID={85632c68-b5bb-4316-a900-5eb28d3413df} aComponent={MachineWrap} aText={Runtime error opening '/home/shushang/VirtualBox VMs/novux/novux.vbox' for reading: -102 (File not found.).
00:00:14.281881 nspr-3   /build/virtualbox-SRwERU/virtualbox-6.1.10-dfsg/src/VBox/Main/src-server/MachineImpl.cpp[758] (nsresult Machine::i_registeredInit())}, preserve=false aResultDetail=0
00:00:15.659454 nspr-3   Saving settings file "/home/shushang/.config/VirtualBox/VirtualBox.xml" with version "1.12-linux"
00:00:15.672970 nspr-3   ERROR [COM]: aRC=E_ACCESSDENIED (0x80070005) aIID={85632c68-b5bb-4316-a900-5eb28d3413df} aComponent={MachineWrap} aText={The object functionality is limited}, preserve=false aResultDetail=0
00:00:15.681364 nspr-3   ERROR [COM]: aRC=NS_ERROR_FAILURE (0x80004005) aIID={85632c68-b5bb-4316-a900-5eb28d3413df} aComponent={MachineWrap} aText={Runtime error opening '/home/shushang/VirtualBox VMs/CP Debian/CP Debian.vbox' for reading: -102 (File not found.).
00:00:15.681377 nspr-3   /build/virtualbox-SRwERU/virtualbox-6.1.10-dfsg/src/VBox/Main/src-server/MachineImpl.cpp[758] (nsresult Machine::i_registeredInit())}, preserve=false aResultDetail=0
00:00:15.688407 nspr-3   ERROR [COM]: aRC=E_ACCESSDENIED (0x80070005) aIID={85632c68-b5bb-4316-a900-5eb28d3413df} aComponent={MachineWrap} aText={The object functionality is limited}, preserve=false aResultDetail=0
00:00:15.691437 nspr-3   ERROR [COM]: aRC=NS_ERROR_FAILURE (0x80004005) aIID={85632c68-b5bb-4316-a900-5eb28d3413df} aComponent={MachineWrap} aText={Runtime error opening '/home/shushang/VirtualBox VMs/CP Debian/CP Debian.vbox' for reading: -102 (File not found.).
00:00:15.691446 nspr-3   /build/virtualbox-SRwERU/virtualbox-6.1.10-dfsg/src/VBox/Main/src-server/MachineImpl.cpp[758] (nsresult Machine::i_registeredInit())}, preserve=false aResultDetail=0
00:00:15.703655 nspr-3   ERROR [COM]: aRC=NS_ERROR_FAILURE (0x80004005) aIID={85632c68-b5bb-4316-a900-5eb28d3413df} aComponent={MachineWrap} aText={Runtime error opening '/home/shushang/VirtualBox VMs/CP Debian/CP Debian.vbox' for reading: -102 (File not found.).
00:00:15.703672 nspr-3   /build/virtualbox-SRwERU/virtualbox-6.1.10-dfsg/src/VBox/Main/src-server/MachineImpl.cpp[758] (nsresult Machine::i_registeredInit())}, preserve=false aResultDetail=0
00:00:15.705131 nspr-3   ERROR [COM]: aRC=NS_ERROR_FAILURE (0x80004005) aIID={85632c68-b5bb-4316-a900-5eb28d3413df} aComponent={MachineWrap} aText={Runtime error opening '/home/shushang/VirtualBox VMs/CP Debian/CP Debian.vbox' for reading: -102 (File not found.).
00:00:15.705140 nspr-3   /build/virtualbox-SRwERU/virtualbox-6.1.10-dfsg/src/VBox/Main/src-server/MachineImpl.cpp[758] (nsresult Machine::i_registeredInit())}, preserve=false aResultDetail=0
00:00:15.705688 nspr-3   ERROR [COM]: aRC=E_ACCESSDENIED (0x80070005) aIID={85632c68-b5bb-4316-a900-5eb28d3413df} aComponent={MachineWrap} aText={The object functionality is limited}, preserve=false aResultDetail=0
00:00:15.707755 nspr-3   ERROR [COM]: aRC=E_ACCESSDENIED (0x80070005) aIID={85632c68-b5bb-4316-a900-5eb28d3413df} aComponent={MachineWrap} aText={The object functionality is limited}, preserve=false aResultDetail=0
00:00:15.709144 nspr-3   ERROR [COM]: aRC=NS_ERROR_FAILURE (0x80004005) aIID={85632c68-b5bb-4316-a900-5eb28d3413df} aComponent={MachineWrap} aText={Runtime error opening '/home/shushang/VirtualBox VMs/CP Debian/CP Debian.vbox' for reading: -102 (File not found.).
00:00:15.709155 nspr-3   /build/virtualbox-SRwERU/virtualbox-6.1.10-dfsg/src/VBox/Main/src-server/MachineImpl.cpp[758] (nsresult Machine::i_registeredInit())}, preserve=false aResultDetail=0
00:00:15.709793 nspr-3   ERROR [COM]: aRC=NS_ERROR_FAILURE (0x80004005) aIID={85632c68-b5bb-4316-a900-5eb28d3413df} aComponent={MachineWrap} aText={Runtime error opening '/home/shushang/VirtualBox VMs/CP Debian/CP Debian.vbox' for reading: -102 (File not found.).
00:00:15.709801 nspr-3   /build/virtualbox-SRwERU/virtualbox-6.1.10-dfsg/src/VBox/Main/src-server/MachineImpl.cpp[758] (nsresult Machine::i_registeredInit())}, preserve=false aResultDetail=0
00:00:15.710290 nspr-3   ERROR [COM]: aRC=NS_ERROR_FAILURE (0x80004005) aIID={85632c68-b5bb-4316-a900-5eb28d3413df} aComponent={MachineWrap} aText={Runtime error opening '/home/shushang/VirtualBox VMs/CP Debian/CP Debian.vbox' for reading: -102 (File not found.).
00:00:15.710294 nspr-3   /build/virtualbox-SRwERU/virtualbox-6.1.10-dfsg/src/VBox/Main/src-server/MachineImpl.cpp[758] (nsresult Machine::i_registeredInit())}, preserve=false aResultDetail=0
00:00:15.710763 nspr-3   ERROR [COM]: aRC=NS_ERROR_FAILURE (0x80004005) aIID={85632c68-b5bb-4316-a900-5eb28d3413df} aComponent={MachineWrap} aText={Runtime error opening '/home/shushang/VirtualBox VMs/CP Debian/CP Debian.vbox' for reading: -102 (File not found.).
00:00:15.710768 nspr-3   /build/virtualbox-SRwERU/virtualbox-6.1.10-dfsg/src/VBox/Main/src-server/MachineImpl.cpp[758] (nsresult Machine::i_registeredInit())}, preserve=false aResultDetail=0
00:00:15.711113 nspr-3   ERROR [COM]: aRC=NS_ERROR_FAILURE (0x80004005) aIID={85632c68-b5bb-4316-a900-5eb28d3413df} aComponent={MachineWrap} aText={Runtime error opening '/home/shushang/VirtualBox VMs/CP Debian/CP Debian.vbox' for reading: -102 (File not found.).
00:00:15.711116 nspr-3   /build/virtualbox-SRwERU/virtualbox-6.1.10-dfsg/src/VBox/Main/src-server/MachineImpl.cpp[758] (nsresult Machine::i_registeredInit())}, preserve=false aResultDetail=0
00:00:15.711423 nspr-3   ERROR [COM]: aRC=NS_ERROR_FAILURE (0x80004005) aIID={85632c68-b5bb-4316-a900-5eb28d3413df} aComponent={MachineWrap} aText={Runtime error opening '/home/shushang/VirtualBox VMs/CP Debian/CP Debian.vbox' for reading: -102 (File not found.).
00:00:15.711426 nspr-3   /build/virtualbox-SRwERU/virtualbox-6.1.10-dfsg/src/VBox/Main/src-server/MachineImpl.cpp[758] (nsresult Machine::i_registeredInit())}, preserve=false aResultDetail=0
00:00:17.418155 nspr-3   ERROR [COM]: aRC=NS_ERROR_FAILURE (0x80004005) aIID={85632c68-b5bb-4316-a900-5eb28d3413df} aComponent={MachineWrap} aText={Runtime error opening '/home/shushang/VirtualBox VMs/CP Debian/CP Debian.vbox' for reading: -102 (File not found.).
00:00:17.418169 nspr-3   /build/virtualbox-SRwERU/virtualbox-6.1.10-dfsg/src/VBox/Main/src-server/MachineImpl.cpp[758] (nsresult Machine::i_registeredInit())}, preserve=false aResultDetail=0
00:00:18.484306 nspr-2   Saving settings file "/home/shushang/.config/VirtualBox/VirtualBox.xml" with version "1.12-linux"
00:00:18.521741 nspr-2   ERROR [COM]: aRC=E_ACCESSDENIED (0x80070005) aIID={85632c68-b5bb-4316-a900-5eb28d3413df} aComponent={MachineWrap} aText={The object functionality is limited}, preserve=false aResultDetail=0
00:00:18.536176 nspr-2   ERROR [COM]: aRC=NS_ERROR_FAILURE (0x80004005) aIID={85632c68-b5bb-4316-a900-5eb28d3413df} aComponent={MachineWrap} aText={Runtime error opening '/home/shushang/VirtualBox VMs/Hyperbola GNU Linux_Libre/Hyperbola GNU Linux_Libre.vbox' for reading: -102 (File not found.).
00:00:18.536188 nspr-2   /build/virtualbox-SRwERU/virtualbox-6.1.10-dfsg/src/VBox/Main/src-server/MachineImpl.cpp[758] (nsresult Machine::i_registeredInit())}, preserve=false aResultDetail=0
00:00:18.545102 nspr-2   ERROR [COM]: aRC=E_ACCESSDENIED (0x80070005) aIID={85632c68-b5bb-4316-a900-5eb28d3413df} aComponent={MachineWrap} aText={The object functionality is limited}, preserve=false aResultDetail=0
00:00:18.559760 nspr-2   ERROR [COM]: aRC=NS_ERROR_FAILURE (0x80004005) aIID={85632c68-b5bb-4316-a900-5eb28d3413df} aComponent={MachineWrap} aText={Runtime error opening '/home/shushang/VirtualBox VMs/Hyperbola GNU Linux_Libre/Hyperbola GNU Linux_Libre.vbox' for reading: -102 (File not found.).
00:00:18.559768 nspr-2   /build/virtualbox-SRwERU/virtualbox-6.1.10-dfsg/src/VBox/Main/src-server/MachineImpl.cpp[758] (nsresult Machine::i_registeredInit())}, preserve=false aResultDetail=0
00:00:18.560572 nspr-2   ERROR [COM]: aRC=NS_ERROR_FAILURE (0x80004005) aIID={85632c68-b5bb-4316-a900-5eb28d3413df} aComponent={MachineWrap} aText={Runtime error opening '/home/shushang/VirtualBox VMs/Hyperbola GNU Linux_Libre/Hyperbola GNU Linux_Libre.vbox' for reading: -102 (File not found.).
00:00:18.560578 nspr-2   /build/virtualbox-SRwERU/virtualbox-6.1.10-dfsg/src/VBox/Main/src-server/MachineImpl.cpp[758] (nsresult Machine::i_registeredInit())}, preserve=false aResultDetail=0
00:00:18.561799 nspr-2   ERROR [COM]: aRC=NS_ERROR_FAILURE (0x80004005) aIID={85632c68-b5bb-4316-a900-5eb28d3413df} aComponent={MachineWrap} aText={Runtime error opening '/home/shushang/VirtualBox VMs/Hyperbola GNU Linux_Libre/Hyperbola GNU Linux_Libre.vbox' for reading: -102 (File not found.).
00:00:18.561807 nspr-2   /build/virtualbox-SRwERU/virtualbox-6.1.10-dfsg/src/VBox/Main/src-server/MachineImpl.cpp[758] (nsresult Machine::i_registeredInit())}, preserve=false aResultDetail=0
00:00:18.562061 nspr-2   ERROR [COM]: aRC=E_ACCESSDENIED (0x80070005) aIID={85632c68-b5bb-4316-a900-5eb28d3413df} aComponent={MachineWrap} aText={The object functionality is limited}, preserve=false aResultDetail=0
00:00:18.563403 nspr-2   ERROR [COM]: aRC=E_ACCESSDENIED (0x80070005) aIID={85632c68-b5bb-4316-a900-5eb28d3413df} aComponent={MachineWrap} aText={The object functionality is limited}, preserve=false aResultDetail=0
00:00:18.565258 nspr-2   ERROR [COM]: aRC=NS_ERROR_FAILURE (0x80004005) aIID={85632c68-b5bb-4316-a900-5eb28d3413df} aComponent={MachineWrap} aText={Runtime error opening '/home/shushang/VirtualBox VMs/Hyperbola GNU Linux_Libre/Hyperbola GNU Linux_Libre.vbox' for reading: -102 (File not found.).
00:00:18.565271 nspr-2   /build/virtualbox-SRwERU/virtualbox-6.1.10-dfsg/src/VBox/Main/src-server/MachineImpl.cpp[758] (nsresult Machine::i_registeredInit())}, preserve=false aResultDetail=0
00:00:18.565975 nspr-2   ERROR [COM]: aRC=NS_ERROR_FAILURE (0x80004005) aIID={85632c68-b5bb-4316-a900-5eb28d3413df} aComponent={MachineWrap} aText={Runtime error opening '/home/shushang/VirtualBox VMs/Hyperbola GNU Linux_Libre/Hyperbola GNU Linux_Libre.vbox' for reading: -102 (File not found.).
00:00:18.565982 nspr-2   /build/virtualbox-SRwERU/virtualbox-6.1.10-dfsg/src/VBox/Main/src-server/MachineImpl.cpp[758] (nsresult Machine::i_registeredInit())}, preserve=false aResultDetail=0
00:00:18.566647 nspr-2   ERROR [COM]: aRC=NS_ERROR_FAILURE (0x80004005) aIID={85632c68-b5bb-4316-a900-5eb28d3413df} aComponent={MachineWrap} aText={Runtime error opening '/home/shushang/VirtualBox VMs/Hyperbola GNU Linux_Libre/Hyperbola GNU Linux_Libre.vbox' for reading: -102 (File not found.).
00:00:18.566655 nspr-2   /build/virtualbox-SRwERU/virtualbox-6.1.10-dfsg/src/VBox/Main/src-server/MachineImpl.cpp[758] (nsresult Machine::i_registeredInit())}, preserve=false aResultDetail=0
00:00:18.567296 nspr-2   ERROR [COM]: aRC=NS_ERROR_FAILURE (0x80004005) aIID={85632c68-b5bb-4316-a900-5eb28d3413df} aComponent={MachineWrap} aText={Runtime error opening '/home/shushang/VirtualBox VMs/Hyperbola GNU Linux_Libre/Hyperbola GNU Linux_Libre.vbox' for reading: -102 (File not found.).
00:00:18.567307 nspr-2   /build/virtualbox-SRwERU/virtualbox-6.1.10-dfsg/src/VBox/Main/src-server/MachineImpl.cpp[758] (nsresult Machine::i_registeredInit())}, preserve=false aResultDetail=0
00:00:18.568024 nspr-2   ERROR [COM]: aRC=NS_ERROR_FAILURE (0x80004005) aIID={85632c68-b5bb-4316-a900-5eb28d3413df} aComponent={MachineWrap} aText={Runtime error opening '/home/shushang/VirtualBox VMs/Hyperbola GNU Linux_Libre/Hyperbola GNU Linux_Libre.vbox' for reading: -102 (File not found.).
00:00:18.568032 nspr-2   /build/virtualbox-SRwERU/virtualbox-6.1.10-dfsg/src/VBox/Main/src-server/MachineImpl.cpp[758] (nsresult Machine::i_registeredInit())}, preserve=false aResultDetail=0
00:00:18.568542 nspr-2   ERROR [COM]: aRC=NS_ERROR_FAILURE (0x80004005) aIID={85632c68-b5bb-4316-a900-5eb28d3413df} aComponent={MachineWrap} aText={Runtime error opening '/home/shushang/VirtualBox VMs/Hyperbola GNU Linux_Libre/Hyperbola GNU Linux_Libre.vbox' for reading: -102 (File not found.).
00:00:18.568549 nspr-2   /build/virtualbox-SRwERU/virtualbox-6.1.10-dfsg/src/VBox/Main/src-server/MachineImpl.cpp[758] (nsresult Machine::i_registeredInit())}, preserve=false aResultDetail=0
00:00:20.849911 nspr-2   ERROR [COM]: aRC=NS_ERROR_FAILURE (0x80004005) aIID={85632c68-b5bb-4316-a900-5eb28d3413df} aComponent={MachineWrap} aText={Runtime error opening '/home/shushang/VirtualBox VMs/Hyperbola GNU Linux_Libre/Hyperbola GNU Linux_Libre.vbox' for reading: -102 (File not found.).
00:00:20.849924 nspr-2   /build/virtualbox-SRwERU/virtualbox-6.1.10-dfsg/src/VBox/Main/src-server/MachineImpl.cpp[758] (nsresult Machine::i_registeredInit())}, preserve=false aResultDetail=0
00:00:22.061665 nspr-2   Saving settings file "/home/shushang/.config/VirtualBox/VirtualBox.xml" with version "1.12-linux"
00:02:40.486304 createBase Saving settings file "/home/shushang/.config/VirtualBox/VirtualBox.xml" with version "1.12-linux"
00:02:41.040292 nspr-3   Saving settings file "/home/shushang/VirtualBox VMs/NOI Linux/NOI Linux.vbox" with version "1.16-linux"
00:02:41.043111 nspr-2   WARNING [COM]: aRC=NS_ERROR_FAILURE (0x80004005) aIID={16ced992-5fdc-4aba-aff5-6a39bbd7c38b} aComponent={HostWrap} aText={VirtualBox is not currently allowed to access USB devices.  You can change this by adding your user to the 'vboxusers' group.  Please see the user manual for a more detailed explanation}, preserve=true  aResultDetail=0
00:02:41.046275 nspr-3   Saving settings file "/home/shushang/VirtualBox VMs/NOI Linux/NOI Linux.vbox" with version "1.16-linux"
00:02:41.048453 nspr-3   Saving settings file "/home/shushang/.config/VirtualBox/VirtualBox.xml" with version "1.12-linux"
00:02:41.055368 nspr-3   Saving settings file "/home/shushang/.config/VirtualBox/VirtualBox.xml" with version "1.12-linux"
00:02:41.058667 nspr-3   Saving settings file "/home/shushang/VirtualBox VMs/NOI Linux/NOI Linux.vbox" with version "1.16-linux"
00:02:41.593453 nspr-2   WARNING [COM]: aRC=NS_ERROR_FAILURE (0x80004005) aIID={16ced992-5fdc-4aba-aff5-6a39bbd7c38b} aComponent={HostWrap} aText={VirtualBox is not currently allowed to access USB devices.  You can change this by adding your user to the 'vboxusers' group.  Please see the user manual for a more detailed explanation}, preserve=true  aResultDetail=0
00:02:41.832497 nspr-4   WARNING [COM]: aRC=NS_ERROR_FAILURE (0x80004005) aIID={16ced992-5fdc-4aba-aff5-6a39bbd7c38b} aComponent={HostWrap} aText={VirtualBox is not currently allowed to access USB devices.  You can change this by adding your user to the 'vboxusers' group.  Please see the user manual for a more detailed explanation}, preserve=true  aResultDetail=0
00:02:41.834359 nspr-4   WARNING [COM]: aRC=NS_ERROR_FAILURE (0x80004005) aIID={16ced992-5fdc-4aba-aff5-6a39bbd7c38b} aComponent={HostWrap} aText={VirtualBox is not currently allowed to access USB devices.  You can change this by adding your user to the 'vboxusers' group.  Please see the user manual for a more detailed explanation}, preserve=true  aResultDetail=0
00:02:45.492937 nspr-3   Launched VM: 1543510144 pid: 162816 (0x27c00) frontend: GUI/Qt name: NOI Linux
00:02:45.575466 nspr-4   WARNING [COM]: aRC=NS_ERROR_FAILURE (0x80004005) aIID={16ced992-5fdc-4aba-aff5-6a39bbd7c38b} aComponent={HostWrap} aText={VirtualBox is not currently allowed to access USB devices.  You can change this by adding your user to the 'vboxusers' group.  Please see the user manual for a more detailed explanation}, preserve=true  aResultDetail=0
00:02:45.576819 nspr-4   WARNING [COM]: aRC=NS_ERROR_FAILURE (0x80004005) aIID={16ced992-5fdc-4aba-aff5-6a39bbd7c38b} aComponent={HostWrap} aText={VirtualBox is not currently allowed to access USB devices.  You can change this by adding your user to the 'vboxusers' group.  Please see the user manual for a more detailed explanation}, preserve=true  aResultDetail=0
00:02:46.122464 nspr-2   WARNING [COM]: aRC=NS_ERROR_FAILURE (0x80004005) aIID={16ced992-5fdc-4aba-aff5-6a39bbd7c38b} aComponent={HostWrap} aText={VirtualBox is not currently allowed to access USB devices.  You can change this by adding your user to the 'vboxusers' group.  Please see the user manual for a more detailed explanation}, preserve=true  aResultDetail=0
00:02:46.124913 nspr-2   WARNING [COM]: aRC=NS_ERROR_FAILURE (0x80004005) aIID={16ced992-5fdc-4aba-aff5-6a39bbd7c38b} aComponent={HostWrap} aText={VirtualBox is not currently allowed to access USB devices.  You can change this by adding your user to the 'vboxusers' group.  Please see the user manual for a more detailed explanation}, preserve=true  aResultDetail=0
00:02:46.701801 nspr-3   WARNING [COM]: aRC=NS_ERROR_FAILURE (0x80004005) aIID={16ced992-5fdc-4aba-aff5-6a39bbd7c38b} aComponent={HostWrap} aText={VirtualBox is not currently allowed to access USB devices.  You can change this by adding your user to the 'vboxusers' group.  Please see the user manual for a more detailed explanation}, preserve=true  aResultDetail=0
00:02:46.703254 nspr-5   WARNING [COM]: aRC=NS_ERROR_FAILURE (0x80004005) aIID={16ced992-5fdc-4aba-aff5-6a39bbd7c38b} aComponent={HostWrap} aText={VirtualBox is not currently allowed to access USB devices.  You can change this by adding your user to the 'vboxusers' group.  Please see the user manual for a more detailed explanation}, preserve=true  aResultDetail=0
00:02:46.703488 nspr-5   ERROR [COM]: aRC=VBOX_E_OBJECT_NOT_FOUND (0x80bb0001) aIID={70401eef-c8e9-466b-9660-45cb3e9979e4} aComponent={ExtPackManagerWrap} aText={No extension pack by the name 'Oracle VM VirtualBox Extension Pack' was found}, preserve=false aResultDetail=0
00:02:46.833052 nspr-3   WARNING [COM]: aRC=NS_ERROR_FAILURE (0x80004005) aIID={16ced992-5fdc-4aba-aff5-6a39bbd7c38b} aComponent={HostWrap} aText={VirtualBox is not currently allowed to access USB devices.  You can change this by adding your user to the 'vboxusers' group.  Please see the user manual for a more detailed explanation}, preserve=true  aResultDetail=0
00:02:46.834212 nspr-3   WARNING [COM]: aRC=NS_ERROR_FAILURE (0x80004005) aIID={16ced992-5fdc-4aba-aff5-6a39bbd7c38b} aComponent={HostWrap} aText={VirtualBox is not currently allowed to access USB devices.  You can change this by adding your user to the 'vboxusers' group.  Please see the user manual for a more detailed explanation}, preserve=true  aResultDetail=0
00:02:46.865491 nspr-5   ERROR [COM]: aRC=VBOX_E_IPRT_ERROR (0x80bb0005) aIID={85632c68-b5bb-4316-a900-5eb28d3413df} aComponent={SessionMachine} aText={Saved screenshot data is not available (VERR_NOT_SUPPORTED)}, preserve=false aResultDetail=-37
00:02:57.687873 nspr-3   Saving settings file "/home/shushang/.config/VirtualBox/VirtualBox.xml" with version "1.12-linux"
00:02:57.695205 nspr-4   Saving settings file "/home/shushang/.config/VirtualBox/VirtualBox.xml" with version "1.12-linux"
00:02:57.739486 nspr-2   WARNING [COM]: aRC=NS_ERROR_FAILURE (0x80004005) aIID={16ced992-5fdc-4aba-aff5-6a39bbd7c38b} aComponent={HostWrap} aText={VirtualBox is not currently allowed to access USB devices.  You can change this by adding your user to the 'vboxusers' group.  Please see the user manual for a more detailed explanation}, preserve=true  aResultDetail=0
00:02:57.740629 nspr-2   WARNING [COM]: aRC=NS_ERROR_FAILURE (0x80004005) aIID={16ced992-5fdc-4aba-aff5-6a39bbd7c38b} aComponent={HostWrap} aText={VirtualBox is not currently allowed to access USB devices.  You can change this by adding your user to the 'vboxusers' group.  Please see the user manual for a more detailed explanation}, preserve=true  aResultDetail=0
00:03:01.311629 nspr-2   Saving settings file "/home/shushang/.config/VirtualBox/VirtualBox.xml" with version "1.12-linux"
00:03:01.315336 nspr-2   Saving settings file "/home/shushang/VirtualBox VMs/NOI Linux/NOI Linux.vbox" with version "1.16-linux"
00:03:01.363859 nspr-4   WARNING [COM]: aRC=NS_ERROR_FAILURE (0x80004005) aIID={16ced992-5fdc-4aba-aff5-6a39bbd7c38b} aComponent={HostWrap} aText={VirtualBox is not currently allowed to access USB devices.  You can change this by adding your user to the 'vboxusers' group.  Please see the user manual for a more detailed explanation}, preserve=true  aResultDetail=0
00:03:01.453597 nspr-4   WARNING [COM]: aRC=NS_ERROR_FAILURE (0x80004005) aIID={16ced992-5fdc-4aba-aff5-6a39bbd7c38b} aComponent={HostWrap} aText={VirtualBox is not currently allowed to access USB devices.  You can change this by adding your user to the 'vboxusers' group.  Please see the user manual for a more detailed explanation}, preserve=true  aResultDetail=0
00:03:01.455835 nspr-4   WARNING [COM]: aRC=NS_ERROR_FAILURE (0x80004005) aIID={16ced992-5fdc-4aba-aff5-6a39bbd7c38b} aComponent={HostWrap} aText={VirtualBox is not currently allowed to access USB devices.  You can change this by adding your user to the 'vboxusers' group.  Please see the user manual for a more detailed explanation}, preserve=true  aResultDetail=0
00:03:02.142196 nspr-2   WARNING [COM]: aRC=NS_ERROR_FAILURE (0x80004005) aIID={16ced992-5fdc-4aba-aff5-6a39bbd7c38b} aComponent={HostWrap} aText={VirtualBox is not currently allowed to access USB devices.  You can change this by adding your user to the 'vboxusers' group.  Please see the user manual for a more detailed explanation}, preserve=true  aResultDetail=0
00:03:02.143325 nspr-3   WARNING [COM]: aRC=NS_ERROR_FAILURE (0x80004005) aIID={16ced992-5fdc-4aba-aff5-6a39bbd7c38b} aComponent={HostWrap} aText={VirtualBox is not currently allowed to access USB devices.  You can change this by adding your user to the 'vboxusers' group.  Please see the user manual for a more detailed explanation}, preserve=true  aResultDetail=0
00:03:20.040923 nspr-6   Saving settings file "/home/shushang/VirtualBox VMs/NOI Linux/NOI Linux.vbox" with version "1.16-linux"
00:03:20.149711 nspr-5   ERROR [COM]: aRC=VBOX_E_IPRT_ERROR (0x80bb0005) aIID={85632c68-b5bb-4316-a900-5eb28d3413df} aComponent={SessionMachine} aText={Saved screenshot data is not available (VERR_NOT_SUPPORTED)}, preserve=false aResultDetail=-37
00:03:20.308879 nspr-3   WARNING [COM]: aRC=NS_ERROR_FAILURE (0x80004005) aIID={16ced992-5fdc-4aba-aff5-6a39bbd7c38b} aComponent={HostWrap} aText={VirtualBox is not currently allowed to access USB devices.  You can change this by adding your user to the 'vboxusers' group.  Please see the user manual for a more detailed explanation}, preserve=true  aResultDetail=0
00:03:20.312408 nspr-6   WARNING [COM]: aRC=NS_ERROR_FAILURE (0x80004005) aIID={16ced992-5fdc-4aba-aff5-6a39bbd7c38b} aComponent={HostWrap} aText={VirtualBox is not currently allowed to access USB devices.  You can change this by adding your user to the 'vboxusers' group.  Please see the user manual for a more detailed explanation}, preserve=true  aResultDetail=0
00:05:24.750755 nspr-5   WARNING [COM]: aRC=NS_ERROR_FAILURE (0x80004005) aIID={16ced992-5fdc-4aba-aff5-6a39bbd7c38b} aComponent={HostWrap} aText={VirtualBox is not currently allowed to access USB devices.  You can change this by adding your user to the 'vboxusers' group.  Please see the user manual for a more detailed explanation}, preserve=true  aResultDetail=0
00:05:24.752824 nspr-4   WARNING [COM]: aRC=NS_ERROR_FAILURE (0x80004005) aIID={16ced992-5fdc-4aba-aff5-6a39bbd7c38b} aComponent={HostWrap} aText={VirtualBox is not currently allowed to access USB devices.  You can change this by adding your user to the 'vboxusers' group.  Please see the user manual for a more detailed explanation}, preserve=true  aResultDetail=0
00:05:28.363401 nspr-2   Saving settings file "/home/shushang/VirtualBox VMs/NOI Linux/NOI Linux.vbox" with version "1.16-linux"
00:05:28.772865 nspr-3   WARNING [COM]: aRC=NS_ERROR_FAILURE (0x80004005) aIID={16ced992-5fdc-4aba-aff5-6a39bbd7c38b} aComponent={HostWrap} aText={VirtualBox is not currently allowed to access USB devices.  You can change this by adding your user to the 'vboxusers' group.  Please see the user manual for a more detailed explanation}, preserve=true  aResultDetail=0
00:05:28.774313 nspr-2   WARNING [COM]: aRC=NS_ERROR_FAILURE (0x80004005) aIID={16ced992-5fdc-4aba-aff5-6a39bbd7c38b} aComponent={HostWrap} aText={VirtualBox is not currently allowed to access USB devices.  You can change this by adding your user to the 'vboxusers' group.  Please see the user manual for a more detailed explanation}, preserve=true  aResultDetail=0
00:05:33.393737 nspr-3   Saving settings file "/home/shushang/VirtualBox VMs/NOI Linux/NOI Linux.vbox" with version "1.16-linux"
00:05:33.430365 nspr-7   ERROR [COM]: aRC=VBOX_E_IPRT_ERROR (0x80bb0005) aIID={85632c68-b5bb-4316-a900-5eb28d3413df} aComponent={MachineWrap} aText={Saved screenshot thumbnail data is not available (VERR_NOT_SUPPORTED)}, preserve=false aResultDetail=-37
00:05:33.454943 nspr-7   ERROR [COM]: aRC=VBOX_E_IPRT_ERROR (0x80bb0005) aIID={85632c68-b5bb-4316-a900-5eb28d3413df} aComponent={MachineWrap} aText={Saved screenshot thumbnail data is not available (VERR_NOT_SUPPORTED)}, preserve=false aResultDetail=-37
00:05:33.474554 nspr-3   WARNING [COM]: aRC=NS_ERROR_FAILURE (0x80004005) aIID={16ced992-5fdc-4aba-aff5-6a39bbd7c38b} aComponent={HostWrap} aText={VirtualBox is not currently allowed to access USB devices.  You can change this by adding your user to the 'vboxusers' group.  Please see the user manual for a more detailed explanation}, preserve=true  aResultDetail=0
00:05:33.476755 nspr-4   WARNING [COM]: aRC=NS_ERROR_FAILURE (0x80004005) aIID={16ced992-5fdc-4aba-aff5-6a39bbd7c38b} aComponent={HostWrap} aText={VirtualBox is not currently allowed to access USB devices.  You can change this by adding your user to the 'vboxusers' group.  Please see the user manual for a more detailed explanation}, preserve=true  aResultDetail=0
00:05:33.510282 SaveState Saving settings file "/home/shushang/VirtualBox VMs/NOI Linux/NOI Linux.vbox" with version "1.16-linux"
00:05:33.629367 nspr-7   WARNING [COM]: aRC=NS_ERROR_FAILURE (0x80004005) aIID={16ced992-5fdc-4aba-aff5-6a39bbd7c38b} aComponent={HostWrap} aText={VirtualBox is not currently allowed to access USB devices.  You can change this by adding your user to the 'vboxusers' group.  Please see the user manual for a more detailed explanation}, preserve=true  aResultDetail=0
00:05:33.630479 nspr-6   WARNING [COM]: aRC=NS_ERROR_FAILURE (0x80004005) aIID={16ced992-5fdc-4aba-aff5-6a39bbd7c38b} aComponent={HostWrap} aText={VirtualBox is not currently allowed to access USB devices.  You can change this by adding your user to the 'vboxusers' group.  Please see the user manual for a more detailed explanation}, preserve=true  aResultDetail=0
00:05:34.034081 nspr-4   Saving settings file "/home/shushang/VirtualBox VMs/NOI Linux/NOI Linux.vbox" with version "1.16-linux"
00:05:34.052880 nspr-3   Saving settings file "/home/shushang/VirtualBox VMs/NOI Linux/NOI Linux.vbox" with version "1.16-linux"
00:05:34.074530 nspr-6   Saving settings file "/home/shushang/VirtualBox VMs/NOI Linux/NOI Linux.vbox" with version "1.16-linux"
00:05:34.216690 nspr-4   WARNING [COM]: aRC=NS_ERROR_FAILURE (0x80004005) aIID={16ced992-5fdc-4aba-aff5-6a39bbd7c38b} aComponent={HostWrap} aText={VirtualBox is not currently allowed to access USB devices.  You can change this by adding your user to the 'vboxusers' group.  Please see the user manual for a more detailed explanation}, preserve=true  aResultDetail=0
00:05:34.218371 nspr-5   WARNING [COM]: aRC=NS_ERROR_FAILURE (0x80004005) aIID={16ced992-5fdc-4aba-aff5-6a39bbd7c38b} aComponent={HostWrap} aText={VirtualBox is not currently allowed to access USB devices.  You can change this by adding your user to the 'vboxusers' group.  Please see the user manual for a more detailed explanation}, preserve=true  aResultDetail=0
00:05:34.480888 nspr-6   WARNING [COM]: aRC=NS_ERROR_FAILURE (0x80004005) aIID={16ced992-5fdc-4aba-aff5-6a39bbd7c38b} aComponent={HostWrap} aText={VirtualBox is not currently allowed to access USB devices.  You can change this by adding your user to the 'vboxusers' group.  Please see the user manual for a more detailed explanation}, preserve=true  aResultDetail=0
00:05:34.481969 nspr-5   WARNING [COM]: aRC=NS_ERROR_FAILURE (0x80004005) aIID={16ced992-5fdc-4aba-aff5-6a39bbd7c38b} aComponent={HostWrap} aText={VirtualBox is not currently allowed to access USB devices.  You can change this by adding your user to the 'vboxusers' group.  Please see the user manual for a more detailed explanation}, preserve=true  aResultDetail=0
00:05:37.189073 nspr-2   Saving settings file "/home/shushang/.config/VirtualBox/VirtualBox.xml" with version "1.12-linux"
00:05:37.196711 nspr-3   Saving settings file "/home/shushang/.config/VirtualBox/VirtualBox.xml" with version "1.12-linux"
00:05:37.260107 nspr-2   Saving settings file "/home/shushang/.config/VirtualBox/VirtualBox.xml" with version "1.12-linux"
00:05:37.265713 nspr-2   Saving settings file "/home/shushang/.config/VirtualBox/VirtualBox.xml" with version "1.12-linux"
00:05:37.271105 nspr-5   Saving settings file "/home/shushang/.config/VirtualBox/VirtualBox.xml" with version "1.12-linux"
00:05:42.784442 main     VirtualBox: object deletion starts
00:05:42.784472 main     ERROR [COM]: aRC=VBOX_E_OBJECT_IN_USE (0x80bb000c) aIID={ad47ad09-787b-44ab-b343-a082a3f2dfb1} aComponent={MediumWrap} aText={Medium '/home/shushang/VirtualBox VMs/NOI Linux/NOI Linux.vdi' cannot be closed because it is still attached to 1 virtual machines}, preserve=false aResultDetail=0
00:05:42.784842 main     HostDnsMonitor: shutting down ...
00:05:42.785072 main     HostDnsMonitor: shut down
00:05:42.902255 Watcher  ERROR [COM]: aRC=E_ACCESSDENIED (0x80070005) aIID={d0a0163f-e254-4e5b-a1f2-011cf991c38d} aComponent={VirtualBoxWrap} aText={The object is not ready}, preserve=false aResultDetail=0
00:05:47.785203 main     {00007f0e60017e40} HostPowerServiceLinux::~HostPowerServiceLinux: RTThreadWait() for 5000 ms failed with VERR_TIMEOUT
00:05:47.785931 main     VirtualBox: object deleted
